<?xml version="1.0" encoding="utf-8"?><testsuites name="pytest tests"><testsuite name="pytest" errors="0" failures="0" skipped="0" tests="12" time="1.578" timestamp="2026-02-09T00:20:52.004099+00:00" hostname="agent-env-442d5c65-ff51-4770-be22-bbc595a6e076"><testcase classname="backend.tests.test_grading_and_day1.TestAPIHealth" name="test_api_root" time="0.099" /><testcase classname="backend.tests.test_grading_and_day1.TestDay1GuidingQuestions" name="test_day1_guiding_questions_save" time="0.158" /><testcase classname="backend.tests.test_grading_and_day1.TestDay1GuidingQuestions" name="test_day1_partial_guiding_questions" time="0.166" /><testcase classname="backend.tests.test_grading_and_day1.TestGradingRubric" name="test_grading_endpoint_exists" time="0.122" /><testcase classname="backend.tests.test_grading_and_day1.TestGradingRubric" name="test_grading_all_criteria" time="0.156" /><testcase classname="backend.tests.test_grading_and_day1.TestGradingRubric" name="test_grading_score_calculation" time="0.196" /><testcase classname="backend.tests.test_grading_and_day1.TestGradingRubric" name="test_grading_comments_save" time="0.167" /><testcase classname="backend.tests.test_grading_and_day1.TestGradingRubric" name="test_grading_update_existing" time="0.190" /><testcase classname="backend.tests.test_grading_and_day1.TestGradingRubric" name="test_grading_nonexistent_group" time="0.110" /><testcase classname="backend.tests.test_grading_and_day1.TestTeacherLogin" name="test_teacher_login_correct_password" time="0.036" /><testcase classname="backend.tests.test_grading_and_day1.TestTeacherLogin" name="test_teacher_login_wrong_password" time="0.035" /><testcase classname="backend.tests.test_grading_and_day1.TestGroupWithGrading" name="test_new_group_has_default_grading" time="0.073" /></testsuite></testsuites>